{"C:\\webis-2022-REACT2025Q3\\class-components\\src\\components\\card\\card.tsx": {"path":"C:\\webis-2022-REACT2025Q3\\class-components\\src\\components\\card\\card.tsx","all":false,"statementMap":{"0":{"start":{"line":1,"column":0},"end":{"line":1,"column":45}},"3":{"start":{"line":4,"column":0},"end":{"line":4,"column":48}},"4":{"start":{"line":5,"column":0},"end":{"line":5,"column":40}},"6":{"start":{"line":7,"column":0},"end":{"line":7,"column":29}},"7":{"start":{"line":8,"column":0},"end":{"line":8,"column":31}},"8":{"start":{"line":9,"column":0},"end":{"line":9,"column":54}},"9":{"start":{"line":10,"column":0},"end":{"line":10,"column":5}},"10":{"start":{"line":11,"column":0},"end":{"line":11,"column":3}},"11":{"start":{"line":12,"column":0},"end":{"line":12,"column":12}},"12":{"start":{"line":13,"column":0},"end":{"line":13,"column":37}},"13":{"start":{"line":14,"column":0},"end":{"line":14,"column":18}},"14":{"start":{"line":15,"column":0},"end":{"line":15,"column":75}},"16":{"start":{"line":17,"column":0},"end":{"line":17,"column":12}},"17":{"start":{"line":18,"column":0},"end":{"line":18,"column":27}},"18":{"start":{"line":19,"column":0},"end":{"line":19,"column":12}},"19":{"start":{"line":20,"column":0},"end":{"line":20,"column":72}},"20":{"start":{"line":21,"column":0},"end":{"line":21,"column":28}},"22":{"start":{"line":23,"column":0},"end":{"line":23,"column":26}},"23":{"start":{"line":24,"column":0},"end":{"line":24,"column":14}},"24":{"start":{"line":25,"column":0},"end":{"line":25,"column":12}},"25":{"start":{"line":26,"column":0},"end":{"line":26,"column":79}},"27":{"start":{"line":28,"column":0},"end":{"line":28,"column":12}},"28":{"start":{"line":29,"column":0},"end":{"line":29,"column":12}},"30":{"start":{"line":31,"column":0},"end":{"line":31,"column":34}},"31":{"start":{"line":32,"column":0},"end":{"line":32,"column":11}},"32":{"start":{"line":33,"column":0},"end":{"line":33,"column":33}},"33":{"start":{"line":34,"column":0},"end":{"line":34,"column":19}},"34":{"start":{"line":35,"column":0},"end":{"line":35,"column":26}},"35":{"start":{"line":36,"column":0},"end":{"line":36,"column":7}},"37":{"start":{"line":38,"column":0},"end":{"line":38,"column":32}},"38":{"start":{"line":39,"column":0},"end":{"line":39,"column":11}},"39":{"start":{"line":40,"column":0},"end":{"line":40,"column":31}},"40":{"start":{"line":41,"column":0},"end":{"line":41,"column":19}},"41":{"start":{"line":42,"column":0},"end":{"line":42,"column":24}},"42":{"start":{"line":43,"column":0},"end":{"line":43,"column":7}},"44":{"start":{"line":45,"column":0},"end":{"line":45,"column":38}},"45":{"start":{"line":46,"column":0},"end":{"line":46,"column":11}},"46":{"start":{"line":47,"column":0},"end":{"line":47,"column":37}},"47":{"start":{"line":48,"column":0},"end":{"line":48,"column":19}},"48":{"start":{"line":49,"column":0},"end":{"line":49,"column":30}},"49":{"start":{"line":50,"column":0},"end":{"line":50,"column":4}},"51":{"start":{"line":52,"column":0},"end":{"line":52,"column":38}},"52":{"start":{"line":53,"column":0},"end":{"line":53,"column":11}},"53":{"start":{"line":54,"column":0},"end":{"line":54,"column":37}},"54":{"start":{"line":55,"column":0},"end":{"line":55,"column":19}},"55":{"start":{"line":56,"column":0},"end":{"line":56,"column":30}},"56":{"start":{"line":57,"column":0},"end":{"line":57,"column":9}},"58":{"start":{"line":59,"column":0},"end":{"line":59,"column":37}},"59":{"start":{"line":60,"column":0},"end":{"line":60,"column":11}},"60":{"start":{"line":61,"column":0},"end":{"line":61,"column":36}},"61":{"start":{"line":62,"column":0},"end":{"line":62,"column":19}},"62":{"start":{"line":63,"column":0},"end":{"line":63,"column":29}},"63":{"start":{"line":64,"column":0},"end":{"line":64,"column":9}},"65":{"start":{"line":66,"column":0},"end":{"line":66,"column":38}},"66":{"start":{"line":67,"column":0},"end":{"line":67,"column":11}},"67":{"start":{"line":68,"column":0},"end":{"line":68,"column":37}},"68":{"start":{"line":69,"column":0},"end":{"line":69,"column":19}},"69":{"start":{"line":70,"column":0},"end":{"line":70,"column":30}},"70":{"start":{"line":71,"column":0},"end":{"line":71,"column":8}},"72":{"start":{"line":73,"column":0},"end":{"line":73,"column":14}},"73":{"start":{"line":74,"column":0},"end":{"line":74,"column":11}},"75":{"start":{"line":76,"column":0},"end":{"line":76,"column":3}},"76":{"start":{"line":77,"column":0},"end":{"line":77,"column":1}}},"s":{"0":1,"3":1,"4":4,"6":4,"7":4,"8":4,"9":4,"10":4,"11":4,"12":4,"13":4,"14":4,"16":4,"17":4,"18":4,"19":4,"20":4,"22":4,"23":4,"24":4,"25":4,"27":4,"28":4,"30":4,"31":1,"32":3,"33":0,"34":3,"35":4,"37":4,"38":0,"39":4,"40":0,"41":4,"42":4,"44":4,"45":0,"46":4,"47":1,"48":3,"49":4,"51":4,"52":0,"53":4,"54":1,"55":3,"56":4,"58":4,"59":0,"60":4,"61":0,"62":4,"63":4,"65":4,"66":1,"67":3,"68":0,"69":3,"70":4,"72":4,"73":4,"75":4,"76":4},"branchMap":{"0":{"type":"branch","line":4,"loc":{"start":{"line":4,"column":47},"end":{"line":77,"column":1}},"locations":[{"start":{"line":4,"column":47},"end":{"line":77,"column":1}}]},"1":{"type":"branch","line":7,"loc":{"start":{"line":7,"column":2},"end":{"line":11,"column":3}},"locations":[{"start":{"line":7,"column":2},"end":{"line":11,"column":3}}]},"2":{"type":"branch","line":12,"loc":{"start":{"line":12,"column":2},"end":{"line":76,"column":3}},"locations":[{"start":{"line":12,"column":2},"end":{"line":76,"column":3}}]},"3":{"type":"branch","line":20,"loc":{"start":{"line":20,"column":40},"end":{"line":20,"column":67}},"locations":[{"start":{"line":20,"column":40},"end":{"line":20,"column":67}}]},"4":{"type":"branch","line":20,"loc":{"start":{"line":20,"column":53},"end":{"line":20,"column":69}},"locations":[{"start":{"line":20,"column":53},"end":{"line":20,"column":69}}]},"5":{"type":"branch","line":26,"loc":{"start":{"line":26,"column":47},"end":{"line":26,"column":74}},"locations":[{"start":{"line":26,"column":47},"end":{"line":26,"column":74}}]},"6":{"type":"branch","line":26,"loc":{"start":{"line":26,"column":60},"end":{"line":26,"column":76}},"locations":[{"start":{"line":26,"column":60},"end":{"line":26,"column":76}}]},"7":{"type":"branch","line":31,"loc":{"start":{"line":31,"column":25},"end":{"line":32,"column":11}},"locations":[{"start":{"line":31,"column":25},"end":{"line":32,"column":11}}]},"8":{"type":"branch","line":32,"loc":{"start":{"line":32,"column":8},"end":{"line":35,"column":26}},"locations":[{"start":{"line":32,"column":8},"end":{"line":35,"column":26}}]},"9":{"type":"branch","line":33,"loc":{"start":{"line":33,"column":29},"end":{"line":34,"column":19}},"locations":[{"start":{"line":33,"column":29},"end":{"line":34,"column":19}}]},"10":{"type":"branch","line":38,"loc":{"start":{"line":38,"column":23},"end":{"line":39,"column":11}},"locations":[{"start":{"line":38,"column":23},"end":{"line":39,"column":11}}]},"11":{"type":"branch","line":40,"loc":{"start":{"line":40,"column":27},"end":{"line":41,"column":19}},"locations":[{"start":{"line":40,"column":27},"end":{"line":41,"column":19}}]},"12":{"type":"branch","line":45,"loc":{"start":{"line":45,"column":29},"end":{"line":46,"column":11}},"locations":[{"start":{"line":45,"column":29},"end":{"line":46,"column":11}}]},"13":{"type":"branch","line":47,"loc":{"start":{"line":47,"column":33},"end":{"line":48,"column":19}},"locations":[{"start":{"line":47,"column":33},"end":{"line":48,"column":19}}]},"14":{"type":"branch","line":48,"loc":{"start":{"line":48,"column":10},"end":{"line":49,"column":30}},"locations":[{"start":{"line":48,"column":10},"end":{"line":49,"column":30}}]},"15":{"type":"branch","line":52,"loc":{"start":{"line":52,"column":29},"end":{"line":53,"column":11}},"locations":[{"start":{"line":52,"column":29},"end":{"line":53,"column":11}}]},"16":{"type":"branch","line":54,"loc":{"start":{"line":54,"column":33},"end":{"line":55,"column":19}},"locations":[{"start":{"line":54,"column":33},"end":{"line":55,"column":19}}]},"17":{"type":"branch","line":55,"loc":{"start":{"line":55,"column":10},"end":{"line":56,"column":30}},"locations":[{"start":{"line":55,"column":10},"end":{"line":56,"column":30}}]},"18":{"type":"branch","line":59,"loc":{"start":{"line":59,"column":28},"end":{"line":60,"column":11}},"locations":[{"start":{"line":59,"column":28},"end":{"line":60,"column":11}}]},"19":{"type":"branch","line":61,"loc":{"start":{"line":61,"column":32},"end":{"line":62,"column":19}},"locations":[{"start":{"line":61,"column":32},"end":{"line":62,"column":19}}]},"20":{"type":"branch","line":66,"loc":{"start":{"line":66,"column":29},"end":{"line":67,"column":11}},"locations":[{"start":{"line":66,"column":29},"end":{"line":67,"column":11}}]},"21":{"type":"branch","line":67,"loc":{"start":{"line":67,"column":8},"end":{"line":70,"column":30}},"locations":[{"start":{"line":67,"column":8},"end":{"line":70,"column":30}}]},"22":{"type":"branch","line":68,"loc":{"start":{"line":68,"column":33},"end":{"line":69,"column":19}},"locations":[{"start":{"line":68,"column":33},"end":{"line":69,"column":19}}]}},"b":{"0":[4],"1":[4],"2":[4],"3":[3],"4":[1],"5":[3],"6":[1],"7":[1],"8":[3],"9":[0],"10":[0],"11":[0],"12":[0],"13":[1],"14":[3],"15":[0],"16":[1],"17":[3],"18":[0],"19":[0],"20":[1],"21":[3],"22":[0]},"fnMap":{"0":{"name":"<instance_members_initializer>","decl":{"start":{"line":4,"column":47},"end":{"line":77,"column":1}},"loc":{"start":{"line":4,"column":47},"end":{"line":77,"column":1}},"line":4},"1":{"name":"componentDidMount","decl":{"start":{"line":7,"column":2},"end":{"line":11,"column":3}},"loc":{"start":{"line":7,"column":2},"end":{"line":11,"column":3}},"line":7},"2":{"name":"render","decl":{"start":{"line":12,"column":2},"end":{"line":76,"column":3}},"loc":{"start":{"line":12,"column":2},"end":{"line":76,"column":3}},"line":12}},"f":{"0":4,"1":4,"2":4}}
,"C:\\webis-2022-REACT2025Q3\\class-components\\src\\components\\card-list\\card-list.tsx": {"path":"C:\\webis-2022-REACT2025Q3\\class-components\\src\\components\\card-list\\card-list.tsx","all":false,"statementMap":{"0":{"start":{"line":1,"column":0},"end":{"line":1,"column":45}},"2":{"start":{"line":3,"column":0},"end":{"line":3,"column":36}},"3":{"start":{"line":4,"column":0},"end":{"line":4,"column":42}},"4":{"start":{"line":5,"column":0},"end":{"line":5,"column":62}},"6":{"start":{"line":7,"column":0},"end":{"line":7,"column":56}},"7":{"start":{"line":8,"column":0},"end":{"line":8,"column":40}},"8":{"start":{"line":9,"column":0},"end":{"line":9,"column":12}},"9":{"start":{"line":10,"column":0},"end":{"line":10,"column":63}},"11":{"start":{"line":12,"column":0},"end":{"line":12,"column":20}},"12":{"start":{"line":13,"column":0},"end":{"line":13,"column":24}},"13":{"start":{"line":14,"column":0},"end":{"line":14,"column":5}},"14":{"start":{"line":15,"column":0},"end":{"line":15,"column":12}},"15":{"start":{"line":16,"column":0},"end":{"line":16,"column":8}},"16":{"start":{"line":17,"column":0},"end":{"line":17,"column":18}},"17":{"start":{"line":18,"column":0},"end":{"line":18,"column":12}},"18":{"start":{"line":19,"column":0},"end":{"line":19,"column":37}},"19":{"start":{"line":20,"column":0},"end":{"line":20,"column":62}},"20":{"start":{"line":21,"column":0},"end":{"line":21,"column":11}},"21":{"start":{"line":22,"column":0},"end":{"line":22,"column":26}},"22":{"start":{"line":23,"column":0},"end":{"line":23,"column":14}},"23":{"start":{"line":24,"column":0},"end":{"line":24,"column":17}},"25":{"start":{"line":26,"column":0},"end":{"line":26,"column":34}},"26":{"start":{"line":27,"column":0},"end":{"line":27,"column":44}},"27":{"start":{"line":28,"column":0},"end":{"line":28,"column":17}},"28":{"start":{"line":29,"column":0},"end":{"line":29,"column":25}},"29":{"start":{"line":30,"column":0},"end":{"line":30,"column":35}},"30":{"start":{"line":31,"column":0},"end":{"line":31,"column":48}},"31":{"start":{"line":32,"column":0},"end":{"line":32,"column":20}},"32":{"start":{"line":33,"column":0},"end":{"line":33,"column":13}},"33":{"start":{"line":34,"column":0},"end":{"line":34,"column":13}},"34":{"start":{"line":35,"column":0},"end":{"line":35,"column":77}},"35":{"start":{"line":36,"column":0},"end":{"line":36,"column":9}},"37":{"start":{"line":38,"column":0},"end":{"line":38,"column":3}},"38":{"start":{"line":39,"column":0},"end":{"line":39,"column":1}}},"s":{"0":1,"2":1,"3":1,"4":1,"6":1,"7":6,"8":6,"9":6,"11":6,"12":1,"13":1,"14":5,"15":5,"16":5,"17":1,"18":1,"19":1,"20":1,"21":1,"22":1,"23":4,"25":6,"26":6,"27":4,"28":4,"29":4,"30":4,"31":4,"32":6,"33":6,"34":6,"35":6,"37":6,"38":6},"branchMap":{"0":{"type":"branch","line":7,"loc":{"start":{"line":7,"column":55},"end":{"line":39,"column":1}},"locations":[{"start":{"line":7,"column":55},"end":{"line":39,"column":1}}]},"1":{"type":"branch","line":9,"loc":{"start":{"line":9,"column":2},"end":{"line":38,"column":3}},"locations":[{"start":{"line":9,"column":2},"end":{"line":38,"column":3}}]},"2":{"type":"branch","line":12,"loc":{"start":{"line":12,"column":19},"end":{"line":14,"column":5}},"locations":[{"start":{"line":12,"column":19},"end":{"line":14,"column":5}}]},"3":{"type":"branch","line":14,"loc":{"start":{"line":14,"column":4},"end":{"line":17,"column":18}},"locations":[{"start":{"line":14,"column":4},"end":{"line":17,"column":18}}]},"4":{"type":"branch","line":17,"loc":{"start":{"line":17,"column":9},"end":{"line":23,"column":14}},"locations":[{"start":{"line":17,"column":9},"end":{"line":23,"column":14}}]},"5":{"type":"branch","line":23,"loc":{"start":{"line":23,"column":10},"end":{"line":24,"column":17}},"locations":[{"start":{"line":23,"column":10},"end":{"line":24,"column":17}}]},"6":{"type":"branch","line":35,"loc":{"start":{"line":35,"column":10},"end":{"line":35,"column":45}},"locations":[{"start":{"line":35,"column":10},"end":{"line":35,"column":45}}]},"7":{"type":"branch","line":35,"loc":{"start":{"line":35,"column":40},"end":{"line":35,"column":60}},"locations":[{"start":{"line":35,"column":40},"end":{"line":35,"column":60}}]},"8":{"type":"branch","line":35,"loc":{"start":{"line":35,"column":46},"end":{"line":35,"column":77}},"locations":[{"start":{"line":35,"column":46},"end":{"line":35,"column":77}}]},"9":{"type":"branch","line":27,"loc":{"start":{"line":27,"column":21},"end":{"line":32,"column":20}},"locations":[{"start":{"line":27,"column":21},"end":{"line":32,"column":20}}]}},"b":{"0":[6],"1":[6],"2":[1],"3":[5],"4":[1],"5":[4],"6":[5],"7":[2],"8":[2],"9":[4]},"fnMap":{"0":{"name":"<instance_members_initializer>","decl":{"start":{"line":7,"column":55},"end":{"line":39,"column":1}},"loc":{"start":{"line":7,"column":55},"end":{"line":39,"column":1}},"line":7},"1":{"name":"render","decl":{"start":{"line":9,"column":2},"end":{"line":38,"column":3}},"loc":{"start":{"line":9,"column":2},"end":{"line":38,"column":3}},"line":9}},"f":{"0":6,"1":6}}
,"C:\\webis-2022-REACT2025Q3\\class-components\\src\\components\\card-list\\card-list.types.tsx": {"path":"C:\\webis-2022-REACT2025Q3\\class-components\\src\\components\\card-list\\card-list.types.tsx","all":false,"statementMap":{},"s":{},"branchMap":{},"b":{},"fnMap":{},"f":{}}
,"C:\\webis-2022-REACT2025Q3\\class-components\\src\\components\\dialog-window\\dialog-window.tsx": {"path":"C:\\webis-2022-REACT2025Q3\\class-components\\src\\components\\dialog-window\\dialog-window.tsx","all":false,"statementMap":{"0":{"start":{"line":1,"column":0},"end":{"line":1,"column":45}},"1":{"start":{"line":2,"column":0},"end":{"line":2,"column":63}},"3":{"start":{"line":4,"column":0},"end":{"line":4,"column":64}},"4":{"start":{"line":5,"column":0},"end":{"line":5,"column":45}},"6":{"start":{"line":7,"column":0},"end":{"line":7,"column":16}},"7":{"start":{"line":8,"column":0},"end":{"line":8,"column":40}},"8":{"start":{"line":9,"column":0},"end":{"line":9,"column":4}},"9":{"start":{"line":10,"column":0},"end":{"line":10,"column":17}},"10":{"start":{"line":11,"column":0},"end":{"line":11,"column":36}},"11":{"start":{"line":12,"column":0},"end":{"line":12,"column":4}},"13":{"start":{"line":14,"column":0},"end":{"line":14,"column":12}},"14":{"start":{"line":15,"column":0},"end":{"line":15,"column":34}},"15":{"start":{"line":16,"column":0},"end":{"line":16,"column":12}},"16":{"start":{"line":17,"column":0},"end":{"line":17,"column":61}},"17":{"start":{"line":18,"column":0},"end":{"line":18,"column":27}},"18":{"start":{"line":19,"column":0},"end":{"line":19,"column":43}},"19":{"start":{"line":20,"column":0},"end":{"line":20,"column":30}},"20":{"start":{"line":21,"column":0},"end":{"line":21,"column":50}},"22":{"start":{"line":23,"column":0},"end":{"line":23,"column":27}},"24":{"start":{"line":25,"column":0},"end":{"line":25,"column":59}},"26":{"start":{"line":27,"column":0},"end":{"line":27,"column":17}},"27":{"start":{"line":28,"column":0},"end":{"line":28,"column":15}},"29":{"start":{"line":30,"column":0},"end":{"line":30,"column":3}},"30":{"start":{"line":31,"column":0},"end":{"line":31,"column":1}}},"s":{"0":1,"1":1,"3":1,"4":2,"6":2,"7":0,"8":0,"9":2,"10":0,"11":0,"13":2,"14":2,"15":2,"16":2,"17":2,"18":0,"19":2,"20":0,"22":2,"24":2,"26":2,"27":2,"29":2,"30":2},"branchMap":{"0":{"type":"branch","line":4,"loc":{"start":{"line":4,"column":63},"end":{"line":31,"column":1}},"locations":[{"start":{"line":4,"column":63},"end":{"line":31,"column":1}}]},"1":{"type":"branch","line":14,"loc":{"start":{"line":14,"column":2},"end":{"line":30,"column":3}},"locations":[{"start":{"line":14,"column":2},"end":{"line":30,"column":3}}]},"2":{"type":"branch","line":18,"loc":{"start":{"line":18,"column":20},"end":{"line":19,"column":43}},"locations":[{"start":{"line":18,"column":20},"end":{"line":19,"column":43}}]},"3":{"type":"branch","line":20,"loc":{"start":{"line":20,"column":23},"end":{"line":21,"column":50}},"locations":[{"start":{"line":20,"column":23},"end":{"line":21,"column":50}}]}},"b":{"0":[2],"1":[2],"2":[0],"3":[0]},"fnMap":{"0":{"name":"<instance_members_initializer>","decl":{"start":{"line":4,"column":63},"end":{"line":31,"column":1}},"loc":{"start":{"line":4,"column":63},"end":{"line":31,"column":1}},"line":4},"1":{"name":"open","decl":{"start":{"line":7,"column":9},"end":{"line":9,"column":4}},"loc":{"start":{"line":7,"column":9},"end":{"line":9,"column":4}},"line":7},"2":{"name":"close","decl":{"start":{"line":10,"column":10},"end":{"line":12,"column":4}},"loc":{"start":{"line":10,"column":10},"end":{"line":12,"column":4}},"line":10},"3":{"name":"render","decl":{"start":{"line":14,"column":2},"end":{"line":30,"column":3}},"loc":{"start":{"line":14,"column":2},"end":{"line":30,"column":3}},"line":14}},"f":{"0":2,"1":0,"2":0,"3":2}}
,"C:\\webis-2022-REACT2025Q3\\class-components\\src\\components\\dialog-window\\dialog-window.types.tsx": {"path":"C:\\webis-2022-REACT2025Q3\\class-components\\src\\components\\dialog-window\\dialog-window.types.tsx","all":false,"statementMap":{},"s":{},"branchMap":{},"b":{},"fnMap":{},"f":{}}
,"C:\\webis-2022-REACT2025Q3\\class-components\\src\\components\\loader\\loader.tsx": {"path":"C:\\webis-2022-REACT2025Q3\\class-components\\src\\components\\loader\\loader.tsx","all":false,"statementMap":{"0":{"start":{"line":1,"column":0},"end":{"line":1,"column":34}},"1":{"start":{"line":2,"column":0},"end":{"line":2,"column":22}},"3":{"start":{"line":4,"column":0},"end":{"line":4,"column":39}},"4":{"start":{"line":5,"column":0},"end":{"line":5,"column":12}},"5":{"start":{"line":6,"column":0},"end":{"line":6,"column":12}},"6":{"start":{"line":7,"column":0},"end":{"line":7,"column":38}},"7":{"start":{"line":8,"column":0},"end":{"line":8,"column":76}},"8":{"start":{"line":9,"column":0},"end":{"line":9,"column":12}},"10":{"start":{"line":11,"column":0},"end":{"line":11,"column":3}},"11":{"start":{"line":12,"column":0},"end":{"line":12,"column":1}}},"s":{"0":1,"1":1,"3":1,"4":1,"5":1,"6":1,"7":1,"8":1,"10":1,"11":1},"branchMap":{"0":{"type":"branch","line":5,"loc":{"start":{"line":5,"column":2},"end":{"line":11,"column":3}},"locations":[{"start":{"line":5,"column":2},"end":{"line":11,"column":3}}]}},"b":{"0":[1]},"fnMap":{"0":{"name":"render","decl":{"start":{"line":5,"column":2},"end":{"line":11,"column":3}},"loc":{"start":{"line":5,"column":2},"end":{"line":11,"column":3}},"line":5}},"f":{"0":1}}
}
