{"C:\\webis-2022-REACT2025Q3\\class-components\\src\\components\\card\\card.tsx": {"path":"C:\\webis-2022-REACT2025Q3\\class-components\\src\\components\\card\\card.tsx","all":false,"statementMap":{"1":{"start":{"line":2,"column":0},"end":{"line":2,"column":45}},"4":{"start":{"line":5,"column":0},"end":{"line":5,"column":48}},"5":{"start":{"line":6,"column":0},"end":{"line":6,"column":40}},"7":{"start":{"line":8,"column":0},"end":{"line":8,"column":29}},"8":{"start":{"line":9,"column":0},"end":{"line":9,"column":31}},"9":{"start":{"line":10,"column":0},"end":{"line":10,"column":54}},"10":{"start":{"line":11,"column":0},"end":{"line":11,"column":5}},"11":{"start":{"line":12,"column":0},"end":{"line":12,"column":3}},"12":{"start":{"line":13,"column":0},"end":{"line":13,"column":12}},"13":{"start":{"line":14,"column":0},"end":{"line":14,"column":37}},"14":{"start":{"line":15,"column":0},"end":{"line":15,"column":56}},"15":{"start":{"line":16,"column":0},"end":{"line":16,"column":14}},"16":{"start":{"line":17,"column":0},"end":{"line":17,"column":29}},"17":{"start":{"line":18,"column":0},"end":{"line":18,"column":14}},"18":{"start":{"line":19,"column":0},"end":{"line":19,"column":74}},"19":{"start":{"line":20,"column":0},"end":{"line":20,"column":30}},"20":{"start":{"line":21,"column":0},"end":{"line":21,"column":11}},"22":{"start":{"line":23,"column":0},"end":{"line":23,"column":16}},"23":{"start":{"line":24,"column":0},"end":{"line":24,"column":14}},"24":{"start":{"line":25,"column":0},"end":{"line":25,"column":81}},"25":{"start":{"line":26,"column":0},"end":{"line":26,"column":11}},"27":{"start":{"line":28,"column":0},"end":{"line":28,"column":16}},"28":{"start":{"line":29,"column":0},"end":{"line":29,"column":13}},"30":{"start":{"line":31,"column":0},"end":{"line":31,"column":12}},"31":{"start":{"line":32,"column":0},"end":{"line":32,"column":29}},"32":{"start":{"line":33,"column":0},"end":{"line":33,"column":22}},"33":{"start":{"line":34,"column":0},"end":{"line":34,"column":79}},"35":{"start":{"line":36,"column":0},"end":{"line":36,"column":16}},"36":{"start":{"line":37,"column":0},"end":{"line":37,"column":31}},"37":{"start":{"line":38,"column":0},"end":{"line":38,"column":16}},"38":{"start":{"line":39,"column":0},"end":{"line":39,"column":76}},"39":{"start":{"line":40,"column":0},"end":{"line":40,"column":32}},"41":{"start":{"line":42,"column":0},"end":{"line":42,"column":30}},"42":{"start":{"line":43,"column":0},"end":{"line":43,"column":18}},"43":{"start":{"line":44,"column":0},"end":{"line":44,"column":16}},"44":{"start":{"line":45,"column":0},"end":{"line":45,"column":83}},"46":{"start":{"line":47,"column":0},"end":{"line":47,"column":16}},"47":{"start":{"line":48,"column":0},"end":{"line":48,"column":26}},"48":{"start":{"line":49,"column":0},"end":{"line":49,"column":48}},"49":{"start":{"line":50,"column":0},"end":{"line":50,"column":23}},"50":{"start":{"line":51,"column":0},"end":{"line":51,"column":45}},"51":{"start":{"line":52,"column":0},"end":{"line":52,"column":31}},"52":{"start":{"line":53,"column":0},"end":{"line":53,"column":38}},"53":{"start":{"line":54,"column":0},"end":{"line":54,"column":21}},"54":{"start":{"line":55,"column":0},"end":{"line":55,"column":46}},"55":{"start":{"line":56,"column":0},"end":{"line":56,"column":23}},"56":{"start":{"line":57,"column":0},"end":{"line":57,"column":43}},"57":{"start":{"line":58,"column":0},"end":{"line":58,"column":31}},"58":{"start":{"line":59,"column":0},"end":{"line":59,"column":36}},"59":{"start":{"line":60,"column":0},"end":{"line":60,"column":21}},"60":{"start":{"line":61,"column":0},"end":{"line":61,"column":51}},"61":{"start":{"line":62,"column":0},"end":{"line":62,"column":23}},"62":{"start":{"line":63,"column":0},"end":{"line":63,"column":49}},"63":{"start":{"line":64,"column":0},"end":{"line":64,"column":31}},"64":{"start":{"line":65,"column":0},"end":{"line":65,"column":42}},"65":{"start":{"line":66,"column":0},"end":{"line":66,"column":18}},"66":{"start":{"line":67,"column":0},"end":{"line":67,"column":52}},"67":{"start":{"line":68,"column":0},"end":{"line":68,"column":23}},"68":{"start":{"line":69,"column":0},"end":{"line":69,"column":49}},"69":{"start":{"line":70,"column":0},"end":{"line":70,"column":31}},"70":{"start":{"line":71,"column":0},"end":{"line":71,"column":42}},"71":{"start":{"line":72,"column":0},"end":{"line":72,"column":23}},"72":{"start":{"line":73,"column":0},"end":{"line":73,"column":51}},"73":{"start":{"line":74,"column":0},"end":{"line":74,"column":23}},"74":{"start":{"line":75,"column":0},"end":{"line":75,"column":48}},"75":{"start":{"line":76,"column":0},"end":{"line":76,"column":31}},"76":{"start":{"line":77,"column":0},"end":{"line":77,"column":41}},"77":{"start":{"line":78,"column":0},"end":{"line":78,"column":23}},"78":{"start":{"line":79,"column":0},"end":{"line":79,"column":52}},"79":{"start":{"line":80,"column":0},"end":{"line":80,"column":23}},"80":{"start":{"line":81,"column":0},"end":{"line":81,"column":49}},"81":{"start":{"line":82,"column":0},"end":{"line":82,"column":31}},"82":{"start":{"line":83,"column":0},"end":{"line":83,"column":42}},"83":{"start":{"line":84,"column":0},"end":{"line":84,"column":22}},"85":{"start":{"line":86,"column":0},"end":{"line":86,"column":18}},"86":{"start":{"line":87,"column":0},"end":{"line":87,"column":15}},"88":{"start":{"line":89,"column":0},"end":{"line":89,"column":7}},"89":{"start":{"line":90,"column":0},"end":{"line":90,"column":5}},"90":{"start":{"line":91,"column":0},"end":{"line":91,"column":3}},"91":{"start":{"line":92,"column":0},"end":{"line":92,"column":1}}},"s":{"1":1,"4":1,"5":5,"7":5,"8":5,"9":5,"10":5,"11":5,"12":5,"13":5,"14":5,"15":1,"16":1,"17":1,"18":1,"19":1,"20":1,"22":1,"23":1,"24":1,"25":1,"27":1,"28":1,"30":5,"31":4,"32":4,"33":4,"35":4,"36":4,"37":4,"38":4,"39":4,"41":4,"42":4,"43":4,"44":4,"46":4,"47":4,"48":4,"49":1,"50":3,"51":0,"52":3,"53":4,"54":4,"55":1,"56":3,"57":0,"58":3,"59":4,"60":4,"61":0,"62":4,"63":1,"64":3,"65":4,"66":4,"67":0,"68":4,"69":1,"70":3,"71":4,"72":4,"73":0,"74":4,"75":0,"76":4,"77":4,"78":4,"79":0,"80":4,"81":0,"82":4,"83":4,"85":4,"86":4,"88":4,"89":4,"90":5,"91":5},"branchMap":{"0":{"type":"branch","line":5,"loc":{"start":{"line":5,"column":47},"end":{"line":92,"column":1}},"locations":[{"start":{"line":5,"column":47},"end":{"line":92,"column":1}}]},"1":{"type":"branch","line":8,"loc":{"start":{"line":8,"column":2},"end":{"line":12,"column":3}},"locations":[{"start":{"line":8,"column":2},"end":{"line":12,"column":3}}]},"2":{"type":"branch","line":13,"loc":{"start":{"line":13,"column":2},"end":{"line":91,"column":3}},"locations":[{"start":{"line":13,"column":2},"end":{"line":91,"column":3}}]},"3":{"type":"branch","line":15,"loc":{"start":{"line":15,"column":22},"end":{"line":15,"column":55}},"locations":[{"start":{"line":15,"column":22},"end":{"line":15,"column":55}}]},"4":{"type":"branch","line":15,"loc":{"start":{"line":15,"column":55},"end":{"line":31,"column":11}},"locations":[{"start":{"line":15,"column":55},"end":{"line":31,"column":11}}]},"5":{"type":"branch","line":19,"loc":{"start":{"line":19,"column":42},"end":{"line":19,"column":69}},"locations":[{"start":{"line":19,"column":42},"end":{"line":19,"column":69}}]},"6":{"type":"branch","line":25,"loc":{"start":{"line":25,"column":49},"end":{"line":25,"column":76}},"locations":[{"start":{"line":25,"column":49},"end":{"line":25,"column":76}}]},"7":{"type":"branch","line":31,"loc":{"start":{"line":31,"column":4},"end":{"line":90,"column":5}},"locations":[{"start":{"line":31,"column":4},"end":{"line":90,"column":5}}]},"8":{"type":"branch","line":39,"loc":{"start":{"line":39,"column":44},"end":{"line":39,"column":71}},"locations":[{"start":{"line":39,"column":44},"end":{"line":39,"column":71}}]},"9":{"type":"branch","line":45,"loc":{"start":{"line":45,"column":51},"end":{"line":45,"column":78}},"locations":[{"start":{"line":45,"column":51},"end":{"line":45,"column":78}}]},"10":{"type":"branch","line":49,"loc":{"start":{"line":49,"column":39},"end":{"line":50,"column":23}},"locations":[{"start":{"line":49,"column":39},"end":{"line":50,"column":23}}]},"11":{"type":"branch","line":50,"loc":{"start":{"line":50,"column":20},"end":{"line":53,"column":38}},"locations":[{"start":{"line":50,"column":20},"end":{"line":53,"column":38}}]},"12":{"type":"branch","line":51,"loc":{"start":{"line":51,"column":41},"end":{"line":52,"column":31}},"locations":[{"start":{"line":51,"column":41},"end":{"line":52,"column":31}}]},"13":{"type":"branch","line":55,"loc":{"start":{"line":55,"column":37},"end":{"line":56,"column":23}},"locations":[{"start":{"line":55,"column":37},"end":{"line":56,"column":23}}]},"14":{"type":"branch","line":56,"loc":{"start":{"line":56,"column":20},"end":{"line":59,"column":36}},"locations":[{"start":{"line":56,"column":20},"end":{"line":59,"column":36}}]},"15":{"type":"branch","line":57,"loc":{"start":{"line":57,"column":39},"end":{"line":58,"column":31}},"locations":[{"start":{"line":57,"column":39},"end":{"line":58,"column":31}}]},"16":{"type":"branch","line":61,"loc":{"start":{"line":61,"column":42},"end":{"line":62,"column":23}},"locations":[{"start":{"line":61,"column":42},"end":{"line":62,"column":23}}]},"17":{"type":"branch","line":63,"loc":{"start":{"line":63,"column":45},"end":{"line":64,"column":31}},"locations":[{"start":{"line":63,"column":45},"end":{"line":64,"column":31}}]},"18":{"type":"branch","line":64,"loc":{"start":{"line":64,"column":22},"end":{"line":65,"column":42}},"locations":[{"start":{"line":64,"column":22},"end":{"line":65,"column":42}}]},"19":{"type":"branch","line":67,"loc":{"start":{"line":67,"column":43},"end":{"line":68,"column":23}},"locations":[{"start":{"line":67,"column":43},"end":{"line":68,"column":23}}]},"20":{"type":"branch","line":69,"loc":{"start":{"line":69,"column":45},"end":{"line":70,"column":31}},"locations":[{"start":{"line":69,"column":45},"end":{"line":70,"column":31}}]},"21":{"type":"branch","line":70,"loc":{"start":{"line":70,"column":22},"end":{"line":71,"column":42}},"locations":[{"start":{"line":70,"column":22},"end":{"line":71,"column":42}}]},"22":{"type":"branch","line":73,"loc":{"start":{"line":73,"column":42},"end":{"line":74,"column":23}},"locations":[{"start":{"line":73,"column":42},"end":{"line":74,"column":23}}]},"23":{"type":"branch","line":75,"loc":{"start":{"line":75,"column":44},"end":{"line":76,"column":31}},"locations":[{"start":{"line":75,"column":44},"end":{"line":76,"column":31}}]},"24":{"type":"branch","line":79,"loc":{"start":{"line":79,"column":43},"end":{"line":80,"column":23}},"locations":[{"start":{"line":79,"column":43},"end":{"line":80,"column":23}}]},"25":{"type":"branch","line":81,"loc":{"start":{"line":81,"column":45},"end":{"line":82,"column":31}},"locations":[{"start":{"line":81,"column":45},"end":{"line":82,"column":31}}]}},"b":{"0":[5],"1":[5],"2":[5],"3":[4],"4":[1],"5":[0],"6":[0],"7":[4],"8":[0],"9":[0],"10":[1],"11":[3],"12":[0],"13":[1],"14":[3],"15":[0],"16":[0],"17":[1],"18":[3],"19":[0],"20":[1],"21":[3],"22":[0],"23":[0],"24":[0],"25":[0]},"fnMap":{"0":{"name":"<instance_members_initializer>","decl":{"start":{"line":5,"column":47},"end":{"line":92,"column":1}},"loc":{"start":{"line":5,"column":47},"end":{"line":92,"column":1}},"line":5},"1":{"name":"componentDidMount","decl":{"start":{"line":8,"column":2},"end":{"line":12,"column":3}},"loc":{"start":{"line":8,"column":2},"end":{"line":12,"column":3}},"line":8},"2":{"name":"render","decl":{"start":{"line":13,"column":2},"end":{"line":91,"column":3}},"loc":{"start":{"line":13,"column":2},"end":{"line":91,"column":3}},"line":13}},"f":{"0":5,"1":5,"2":5}}
,"C:\\webis-2022-REACT2025Q3\\class-components\\src\\components\\card\\card.types.ts": {"path":"C:\\webis-2022-REACT2025Q3\\class-components\\src\\components\\card\\card.types.ts","all":false,"statementMap":{"0":{"start":{"line":1,"column":0},"end":{"line":1,"column":62}},"7":{"start":{"line":8,"column":0},"end":{"line":8,"column":41}},"8":{"start":{"line":9,"column":0},"end":{"line":9,"column":25}},"9":{"start":{"line":10,"column":0},"end":{"line":10,"column":17}},"10":{"start":{"line":11,"column":0},"end":{"line":11,"column":16}},"11":{"start":{"line":12,"column":0},"end":{"line":12,"column":13}},"12":{"start":{"line":13,"column":0},"end":{"line":13,"column":22}},"13":{"start":{"line":14,"column":0},"end":{"line":14,"column":22}},"14":{"start":{"line":15,"column":0},"end":{"line":15,"column":20}},"15":{"start":{"line":16,"column":0},"end":{"line":16,"column":21}},"16":{"start":{"line":17,"column":0},"end":{"line":17,"column":2}}},"s":{"0":1,"7":1,"8":1,"9":1,"10":1,"11":1,"12":1,"13":1,"14":1,"15":1,"16":1},"branchMap":{},"b":{},"fnMap":{},"f":{}}
,"C:\\webis-2022-REACT2025Q3\\class-components\\src\\components\\card-list\\card-list.types.ts": {"path":"C:\\webis-2022-REACT2025Q3\\class-components\\src\\components\\card-list\\card-list.types.ts","all":false,"statementMap":{},"s":{},"branchMap":{},"b":{},"fnMap":{},"f":{}}
}
